<?xml version="1.0" encoding="UTF-8"?>
<testsuite name="com.bridgeLabzs.services.TestCaseStateCensusAnalyser" tests="1" skipped="0" failures="0" errors="0" timestamp="2020-03-18T11:20:57" hostname="admin1-LIVA-Z2V" time="6.452">
  <properties/>
  <testcase name="givenStateCodeFile_WithIncorrectDelimeter_ShouldGiveException" classname="com.bridgeLabzs.services.TestCaseStateCensusAnalyser" time="6.452"/>
  <system-out><![CDATA[]]></system-out>
  <system-err><![CDATA[]]></system-err>
</testsuite>
