<?xml version="1.0" encoding="UTF-8"?>
<testsuite name="com.bridgeLabzs.services.TestCaseStateCensusAnalyser" tests="1" skipped="0" failures="0" errors="0" timestamp="2020-03-18T08:56:47" hostname="admin1-LIVA-Z2V" time="0.647">
  <properties/>
  <testcase name="givenStateCode_WhenProper_ShouldMatchCount" classname="com.bridgeLabzs.services.TestCaseStateCensusAnalyser" time="0.647"/>
  <system-out><![CDATA[SrNo : 1
State Name : Andaman and Nicobar Islands
TIN : 35
StateCode :AN
=========================
SrNo : 2
State Name : Andhra Pradesh
TIN : 28
StateCode :AP
=========================
SrNo : 3
State Name : Andhra Pradesh New
TIN : 37
StateCode :AD
=========================
SrNo : 4
State Name : Arunachal Pradesh
TIN : 12
StateCode :AR
=========================
SrNo : 5
State Name : Assam
TIN : 18
StateCode :AS
=========================
SrNo : 6
State Name : Bihar
TIN : 10
StateCode :BH
=========================
SrNo : 7
State Name : Chandigarh
TIN : 04
StateCode :CH
=========================
SrNo : 8
State Name : Chattisgarh
TIN : 22
StateCode :CT
=========================
SrNo : 9
State Name : Dadra and Nagar Haveli
TIN : 26
StateCode :DN
=========================
SrNo : 10
State Name : Daman and Diu
TIN : 25
StateCode :DD
=========================
SrNo : 11
State Name : Delhi
TIN : 07
StateCode :DL
=========================
SrNo : 12
State Name : Goa
TIN : 30
StateCode :GA
=========================
SrNo : 13
State Name : Gujarat
TIN : 24
StateCode :GJ
=========================
SrNo : 14
State Name : Haryana
TIN : 06
StateCode :HR
=========================
SrNo : 15
State Name : Himachal Pradesh
TIN : 02
StateCode :HP
=========================
SrNo : 16
State Name : Jammu and Kashmir
TIN : 01
StateCode :JK
=========================
SrNo : 17
State Name : Jharkhand
TIN : 20
StateCode :JH
=========================
SrNo : 18
State Name : Karnataka
TIN : 29
StateCode :KA
=========================
SrNo : 19
State Name : Kerala
TIN : 32
StateCode :KL
=========================
SrNo : 20
State Name : Lakshadweep Islands
TIN : 31
StateCode :LD
=========================
SrNo : 21
State Name : Madhya Pradesh
TIN : 23
StateCode :MP
=========================
SrNo : 22
State Name : Maharashtra
TIN : 27
StateCode :MH
=========================
SrNo : 23
State Name : Manipur
TIN : 14
StateCode :MN
=========================
SrNo : 24
State Name : Meghalaya
TIN : 17
StateCode :ME
=========================
SrNo : 25
State Name : Mizoram
TIN : 15
StateCode :MI
=========================
SrNo : 26
State Name : Nagaland
TIN : 13
StateCode :NL
=========================
SrNo : 27
State Name : Odisha
TIN : 21
StateCode :OR
=========================
SrNo : 28
State Name : Pondicherry
TIN : 34
StateCode :PY
=========================
SrNo : 29
State Name : Punjab
TIN : 03
StateCode :PB
=========================
SrNo : 30
State Name : Rajasthan
TIN : 08
StateCode :RJ
=========================
SrNo : 31
State Name : Sikkim
TIN : 11
StateCode :SK
=========================
SrNo : 32
State Name : Tamil Nadu
TIN : 33
StateCode :TN
=========================
SrNo : 33
State Name : Telangana
TIN : 36
StateCode :TS
=========================
SrNo : 34
State Name : Tripura
TIN : 16
StateCode :TR
=========================
SrNo : 35
State Name : Uttar Pradesh
TIN : 09
StateCode :UP
=========================
SrNo : 36
State Name : Uttarakhand
TIN : 05
StateCode :UT
=========================
SrNo : 37
State Name : West Bengal
TIN : 19
StateCode :WB
=========================
]]></system-out>
  <system-err><![CDATA[]]></system-err>
</testsuite>
