<?xml version="1.0" encoding="UTF-8"?>
<testsuite name="com.bridgeLabzs.services.TestCaseStateCensusAnalyser" tests="1" skipped="0" failures="0" errors="0" timestamp="2020-03-17T07:15:52" hostname="admin1-LIVA-Z2V" time="0.579">
  <properties/>
  <testcase name="givenStateCensusAnalyserFile_WhenTrue_NumberOfRecordShouldMatch" classname="com.bridgeLabzs.services.TestCaseStateCensusAnalyser" time="0.579"/>
  <system-out><![CDATA[State: Uttar Pradesh
Population: 199812341
Area: 240928
Density: 828
=============================
Count :1
State: Maharashta
Population: 112372972
Area: 307713
Density: 365
=============================
Count :2
State: Bihar
Population: 103804637
Area: 94163
Density: 1102
=============================
Count :3
State: West Bengal
Population: 91347736
Area: 88752
Density: 1029
=============================
Count :4
State: Madhya Pradesh
Population: 72597565
Area: 308245
Density: 236
=============================
Count :5
State: Tamil Nadu
Population: 72138958
Area: 130058
Density: 555
=============================
Count :6
State: Rajasthan
Population: 68621012
Area: 342239
Density: 201
=============================
Count :7
State: Karnataka
Population: 61130704
Area: 191791
Density: 319
=============================
Count :8
State: Gujarat
Population: 60383628
Area: 196024
Density: 308
=============================
Count :9
State: Andhra Pradesh
Population: 49386799
Area: 162968
Density: 303
=============================
Count :10
State: Odisha
Population: 41947358
Area: 155707
Density: 269
=============================
Count :11
State: Telangana
Population: 35286757
Area: 114840
Density: 307
=============================
Count :12
State: Kerala
Population: 33387677
Area: 38863
Density: 859
=============================
Count :13
State: Jharkhand
Population: 32966238
Area: 79714
Density: 414
=============================
Count :14
State: Assam
Population: 31169272
Area: 78438
Density: 397
=============================
Count :15
State: Punjab
Population: 27704236
Area: 50362
Density: 550
=============================
Count :16
State: Chattisgarh
Population: 25540196
Area: 135191
Density: 189
=============================
Count :17
State: Haryana
Population: 25353081
Area: 44212
Density: 573
=============================
Count :18
State: Jammu and Kashmir
Population: 12548926
Area: 222236
Density: 57
=============================
Count :19
State: Uttarakhand
Population: 10116752
Area: 53483
Density: 189
=============================
Count :20
State: Himachal Pradesh
Population: 6864602
Area: 55673
Density: 123
=============================
Count :21
State: Tripura
Population: 3671032
Area: 10486
Density: 350
=============================
Count :22
State: Meghalaya
Population: 2964007
Area: 22429
Density: 132
=============================
Count :23
State: Manipur
Population: 2721756
Area: 22327
Density: 122
=============================
Count :24
State: Nagaland
Population: 1980602
Area: 16579
Density: 119
=============================
Count :25
State: Goa
Population: 1457723
Area: 3702
Density: 394
=============================
Count :26
State: Mizoram
Population: 1091014
Area: 21081
Density: 52
=============================
Count :27
State: Sikkim
Population: 607688
Area: 7096
Density: 86
=============================
Count :28
]]></system-out>
  <system-err><![CDATA[]]></system-err>
</testsuite>
